<?xml version="1.0" encoding="UTF-8"?>
<testng-results ignored="0" total="2" passed="2" failed="0" skipped="0">
  <reporter-output>
  </reporter-output>
  <suite started-at="2018-08-03T07:55:47Z" name="IOSNativeSuite" finished-at="2018-08-03T07:56:29Z" duration-ms="41938">
    <groups>
    </groups>
    <test started-at="2018-08-03T07:55:47Z" name="IOS native app test on iPhone 8" finished-at="2018-08-03T07:56:24Z" duration-ms="36069">
      <class name="firsttest.aptesting">
        <test-method is-config="true" signature="setUp(java.lang.String, java.lang.String, java.lang.String)[pri:0, instance:firsttest.aptesting@1cbb87f3]" started-at="2018-08-03T07:55:48Z" name="setUp" finished-at="2018-08-03T07:56:23Z" duration-ms="35968" status="PASS">
          <params>
            <param index="0">
              <value>
                <![CDATA[11.4]]>
              </value>
            </param>
            <param index="1">
              <value>
                <![CDATA[iPhone 8]]>
              </value>
            </param>
            <param index="2">
              <value>
                <![CDATA[8101]]>
              </value>
            </param>
          </params>
          <reporter-output>
          </reporter-output>
        </test-method> <!-- setUp -->
        <test-method signature="test()[pri:0, instance:firsttest.aptesting@1cbb87f3]" started-at="2018-08-03T07:56:24Z" name="test" finished-at="2018-08-03T07:56:24Z" duration-ms="1" status="PASS">
          <reporter-output>
          </reporter-output>
        </test-method> <!-- test -->
      </class> <!-- firsttest.aptesting -->
    </test> <!-- IOS native app test on iPhone 8 -->
    <test started-at="2018-08-03T07:55:47Z" name="IOS native app test on iPhone 7" finished-at="2018-08-03T07:56:29Z" duration-ms="41938">
      <class name="firsttest.aptesting">
        <test-method is-config="true" signature="setUp(java.lang.String, java.lang.String, java.lang.String)[pri:0, instance:firsttest.aptesting@e7edb54]" started-at="2018-08-03T07:55:48Z" name="setUp" finished-at="2018-08-03T07:56:29Z" duration-ms="41904" status="PASS">
          <params>
            <param index="0">
              <value>
                <![CDATA[11.4]]>
              </value>
            </param>
            <param index="1">
              <value>
                <![CDATA[iPhone 7]]>
              </value>
            </param>
            <param index="2">
              <value>
                <![CDATA[8100]]>
              </value>
            </param>
          </params>
          <reporter-output>
          </reporter-output>
        </test-method> <!-- setUp -->
        <test-method signature="test()[pri:0, instance:firsttest.aptesting@e7edb54]" started-at="2018-08-03T07:56:29Z" name="test" finished-at="2018-08-03T07:56:29Z" duration-ms="0" status="PASS">
          <reporter-output>
          </reporter-output>
        </test-method> <!-- test -->
      </class> <!-- firsttest.aptesting -->
    </test> <!-- IOS native app test on iPhone 7 -->
  </suite> <!-- IOSNativeSuite -->
</testng-results>
