<?xml version="1.0" encoding="UTF-8"?>
<testng-results ignored="0" total="2" passed="2" failed="0" skipped="0">
  <reporter-output>
  </reporter-output>
  <suite started-at="2018-08-03T07:51:14Z" name="IOSNativeSuite" finished-at="2018-08-03T07:51:32Z" duration-ms="17512">
    <groups>
    </groups>
    <test started-at="2018-08-03T07:51:14Z" name="IOS native app test on iPhone 8" finished-at="2018-08-03T07:51:26Z" duration-ms="11863">
      <class name="firsttest.aptesting">
        <test-method is-config="true" signature="setUp(java.lang.String, java.lang.String, java.lang.String)[pri:0, instance:firsttest.aptesting@55a147cc]" started-at="2018-08-03T07:51:14Z" name="setUp" finished-at="2018-08-03T07:51:26Z" duration-ms="11765" status="PASS">
          <params>
            <param index="0">
              <value>
                <![CDATA[11.4]]>
              </value>
            </param>
            <param index="1">
              <value>
                <![CDATA[iPhone 8]]>
              </value>
            </param>
            <param index="2">
              <value>
                <![CDATA[8101]]>
              </value>
            </param>
          </params>
          <reporter-output>
          </reporter-output>
        </test-method> <!-- setUp -->
        <test-method signature="test()[pri:0, instance:firsttest.aptesting@55a147cc]" started-at="2018-08-03T07:51:26Z" name="test" finished-at="2018-08-03T07:51:26Z" duration-ms="5" status="PASS">
          <reporter-output>
          </reporter-output>
        </test-method> <!-- test -->
      </class> <!-- firsttest.aptesting -->
    </test> <!-- IOS native app test on iPhone 8 -->
    <test started-at="2018-08-03T07:51:14Z" name="IOS native app test on iPhone 7" finished-at="2018-08-03T07:51:32Z" duration-ms="17512">
      <class name="firsttest.aptesting">
        <test-method is-config="true" signature="setUp(java.lang.String, java.lang.String, java.lang.String)[pri:0, instance:firsttest.aptesting@534a5a98]" started-at="2018-08-03T07:51:14Z" name="setUp" finished-at="2018-08-03T07:51:32Z" duration-ms="17504" status="PASS">
          <params>
            <param index="0">
              <value>
                <![CDATA[11.4]]>
              </value>
            </param>
            <param index="1">
              <value>
                <![CDATA[iPhone 7]]>
              </value>
            </param>
            <param index="2">
              <value>
                <![CDATA[8100]]>
              </value>
            </param>
          </params>
          <reporter-output>
          </reporter-output>
        </test-method> <!-- setUp -->
        <test-method signature="test()[pri:0, instance:firsttest.aptesting@534a5a98]" started-at="2018-08-03T07:51:32Z" name="test" finished-at="2018-08-03T07:51:32Z" duration-ms="1" status="PASS">
          <reporter-output>
          </reporter-output>
        </test-method> <!-- test -->
      </class> <!-- firsttest.aptesting -->
    </test> <!-- IOS native app test on iPhone 7 -->
  </suite> <!-- IOSNativeSuite -->
</testng-results>
